<?xml version="1.0" encoding="UTF-8"?>
<testsuite name="com.bridgelabz.TestMaximum" tests="9" skipped="0" failures="0" errors="0" timestamp="2021-06-09T16:35:03" hostname="DESKTOP-I19OHT9" time="0.051">
  <properties/>
  <testcase name="givenFloat_whenFindMaximumAtPosition1_returnMaximum" classname="com.bridgelabz.TestMaximum" time="0.029"/>
  <testcase name="givenInteger_whenFindMaximumAtPosition1_returnMaximum" classname="com.bridgelabz.TestMaximum" time="0.001"/>
  <testcase name="givenString_whenFindMaximumAtPosition3_returnMaximum" classname="com.bridgelabz.TestMaximum" time="0.002"/>
  <testcase name="givenFloat_whenFindMaximumAtPosition2_returnMaximum" classname="com.bridgelabz.TestMaximum" time="0.001"/>
  <testcase name="givenInteger_whenFindMaximumAtPosition2_returnMaximum" classname="com.bridgelabz.TestMaximum" time="0.004"/>
  <testcase name="givenString_whenFindMaximumAtPosition1_returnMaximum" classname="com.bridgelabz.TestMaximum" time="0.002"/>
  <testcase name="givenFloat_whenFindMaximumAtPosition3_returnMaximum" classname="com.bridgelabz.TestMaximum" time="0.003"/>
  <testcase name="givenInteger_whenFindMaximumAtPosition3_returnMaximum" classname="com.bridgelabz.TestMaximum" time="0.002"/>
  <testcase name="givenString_whenFindMaximumAtPosition2_returnMaximum" classname="com.bridgelabz.TestMaximum" time="0.0"/>
  <system-out><![CDATA[Maximum:7.3
Maximum:7
Maximum:Peach
Maximum:7.3
Maximum:7
Maximum:Peach
Maximum:7.3
Maximum:7
Maximum:Peach
]]></system-out>
  <system-err><![CDATA[]]></system-err>
</testsuite>
