<?xml version="1.0" encoding="UTF-8"?>
<testsuite name="com.bridgelabz.TestMaximum" tests="1" skipped="0" failures="0" errors="0" timestamp="2021-06-04T17:52:22" hostname="DESKTOP-I19OHT9" time="0.004">
  <properties/>
  <testcase name="givenInteger_whenFindMaximumAtPosition1_returnMaximum" classname="com.bridgelabz.TestMaximum" time="0.004"/>
  <system-out><![CDATA[]]></system-out>
  <system-err><![CDATA[]]></system-err>
</testsuite>
