<?xml version="1.0" encoding="UTF-8"?>
<testsuite name="com.bridgelabz.TestMaximum" tests="9" skipped="0" failures="0" errors="0" timestamp="2021-06-04T16:50:54" hostname="DESKTOP-I19OHT9" time="0.017">
  <properties/>
  <testcase name="givenFloat_whenFindMaximumAtPosition1_returnMaximum" classname="com.bridgelabz.TestMaximum" time="0.003"/>
  <testcase name="givenInteger_whenFindMaximumAtPosition1_returnMaximum" classname="com.bridgelabz.TestMaximum" time="0.001"/>
  <testcase name="givenString_whenFindMaximumAtPosition3_returnMaximum" classname="com.bridgelabz.TestMaximum" time="0.001"/>
  <testcase name="givenFloat_whenFindMaximumAtPosition2_returnMaximum" classname="com.bridgelabz.TestMaximum" time="0.003"/>
  <testcase name="givenInteger_whenFindMaximumAtPosition2_returnMaximum" classname="com.bridgelabz.TestMaximum" time="0.001"/>
  <testcase name="givenString_whenFindMaximumAtPosition1_returnMaximum" classname="com.bridgelabz.TestMaximum" time="0.0"/>
  <testcase name="givenFloat_whenFindMaximumAtPosition3_returnMaximum" classname="com.bridgelabz.TestMaximum" time="0.0"/>
  <testcase name="givenInteger_whenFindMaximumAtPosition3_returnMaximum" classname="com.bridgelabz.TestMaximum" time="0.0"/>
  <testcase name="givenString_whenFindMaximumAtPosition2_returnMaximum" classname="com.bridgelabz.TestMaximum" time="0.0"/>
  <system-out><![CDATA[]]></system-out>
  <system-err><![CDATA[]]></system-err>
</testsuite>
