<?xml version="1.0" encoding="UTF-8"?>
<testsuite name="com.bridgelabz.TestMaximum" tests="3" skipped="0" failures="0" errors="0" timestamp="2021-06-04T13:36:04" hostname="DESKTOP-I19OHT9" time="0.004">
  <properties/>
  <testcase name="givenInteger_whenFindMaximumAtPosition1_returnMaximum" classname="com.bridgelabz.TestMaximum" time="0.002"/>
  <testcase name="givenInteger_whenFindMaximumAtPosition2_returnMaximum" classname="com.bridgelabz.TestMaximum" time="0.0"/>
  <testcase name="givenInteger_whenFindMaximumAtPosition3_returnMaximum" classname="com.bridgelabz.TestMaximum" time="0.001"/>
  <system-out><![CDATA[]]></system-out>
  <system-err><![CDATA[]]></system-err>
</testsuite>
